Content-Type: multipart/alternative;
 boundary="===============3159036273794941495=="
MIME-Version: 1.0
Subject: Profile activation
From: test@example.com
To: rasingham64@gmail.com
Date: Sun, 02 Oct 2022 12:16:21 -0000
Message-ID: <166471298129.6984.14861344818670595852@IITIAN_IITK.hgu_lan>

--===============3159036273794941495==
Content-Type: text/plain; charset="utf-8"
MIME-Version: 1.0
Content-Transfer-Encoding: 7bit



To activate your profile, please follow this link:

http://127.0.0.1:8000/accounts/activate/tUV6iKeVhJezQwZY5vuH/

--===============3159036273794941495==
Content-Type: text/html; charset="utf-8"
MIME-Version: 1.0
Content-Transfer-Encoding: 7bit



<!DOCTYPE html PUBLIC "-//W3C//DTD XHTML 1.0 Transitional//EN"
        "http://www.w3.org/TR/xhtml1/DTD/xhtml1-transitional.dtd">
<html xmlns="http://www.w3.org/1999/xhtml">
<head>
    <meta http-equiv="Content-Type" content="text/html; charset=UTF-8"/>
    <title>Profile activation</title>
    <meta name="viewport" content="width=device-width, initial-scale=1.0"/>
</head>

<body>

<p>
    To activate your profile, please follow this link:
</p>

<p>
    <a href="http://127.0.0.1:8000/accounts/activate/tUV6iKeVhJezQwZY5vuH/">http://127.0.0.1:8000/accounts/activate/tUV6iKeVhJezQwZY5vuH/</a>
</p>

</body>

</html>

--===============3159036273794941495==--

-------------------------------------------------------------------------------
